<?xml version="1.0" encoding="UTF-8"?>
<!-- Generated by org.testng.reporters.JUnitReportReporter -->
<testsuite hostname="DESKTOP-62KGI1A" failures="0" tests="1" name="testCases.TC_002_LoginTest" time="2.960" errors="0" timestamp="2023-02-13T17:55:33 IST" skipped="0">
  <testcase classname="testCases.TC_002_LoginTest" name="test_login" time="2.960"/>
  <system-out/>
</testsuite> <!-- testCases.TC_002_LoginTest -->
