<?xml version="1.0" encoding="UTF-8"?>
<!-- Generated by org.testng.reporters.JUnitReportReporter -->
<testsuite hostname="DESKTOP-62KGI1A" failures="0" tests="1" name="testCases.TC_001_AccountRegistrationTest" time="12.594" errors="0" timestamp="2023-02-13T18:58:54 IST" skipped="0">
  <testcase classname="testCases.TC_001_AccountRegistrationTest" name="test_account_Registration" time="12.594"/>
  <system-out/>
</testsuite> <!-- testCases.TC_001_AccountRegistrationTest -->
